2024-05-13 10:23:23 Loading main app package /tmp/.mount_ObsidiOPhayS/resources/obsidian.asar
2024-05-13 10:23:25 Checking for update using Github
2024-05-13 10:23:26 Success.
2024-05-13 10:23:26 Latest version is 1.5.12
2024-05-13 10:23:26 App is up to date.
2024-05-13 10:26:09 Loading main app package /tmp/.mount_ObsidiQyHOc1/resources/obsidian.asar
2024-05-13 10:26:10 Checking for update using Github
2024-05-13 10:27:54 Loading main app package /tmp/.mount_obsidioLbY3p/resources/obsidian.asar
2024-05-13 10:27:55 Checking for update using Github
2024-05-13 10:36:39 Loading main app package /tmp/.mount_obsidizvNc21/resources/obsidian.asar
2024-05-13 10:36:40 Checking for update using Github
2024-05-13 10:36:41 Success.
2024-05-13 10:36:41 Latest version is 1.5.12
2024-05-13 10:36:41 App is up to date.
2024-05-13 11:02:49 Loading main app package /tmp/.mount_obsidiacv0UL/resources/obsidian.asar
2024-05-13 11:02:50 Checking for update using Github
2024-05-13 11:02:51 Success.
2024-05-13 11:02:51 Latest version is 1.5.12
2024-05-13 11:02:51 App is up to date.
2024-05-13 11:08:04 Loading main app package /tmp/.mount_obsidiEYPX9i/resources/obsidian.asar
2024-05-13 11:08:05 Checking for update using Github
2024-05-13 11:08:06 Success.
2024-05-13 11:08:06 Latest version is 1.5.12
2024-05-13 11:08:06 App is up to date.
2024-05-13 11:10:13 Loading main app package /tmp/.mount_obsidiQi5qzF/resources/obsidian.asar
2024-05-13 11:10:14 Checking for update using Github
2024-05-13 11:10:14 Success.
2024-05-13 11:10:14 Latest version is 1.5.12
2024-05-13 11:10:14 App is up to date.
2024-05-13 18:21:00 Checking for update using Github
2024-05-13 18:21:01 Success.
2024-05-13 18:21:01 Latest version is 1.5.12
2024-05-13 18:21:01 App is up to date.
